{"C:\\Users\\dosqas\\dosq.fm\\src\\app\\api\\songs\\route.ts": {"path":"C:\\Users\\dosqas\\dosq.fm\\src\\app\\api\\songs\\route.ts","statementMap":{"0":{"start":{"line":8,"column":0},"end":{"line":8,"column":22}},"1":{"start":{"line":20,"column":0},"end":{"line":20,"column":22}},"2":{"start":{"line":34,"column":0},"end":{"line":34,"column":22}},"3":{"start":{"line":1,"column":0},"end":{"line":1,"column":43}},"4":{"start":{"line":2,"column":0},"end":{"line":2,"column":50}},"5":{"start":{"line":4,"column":0},"end":{"line":4,"column":73}},"6":{"start":{"line":5,"column":0},"end":{"line":5,"column":48}},"7":{"start":{"line":9,"column":27},"end":{"line":9,"column":47}},"8":{"start":{"line":11,"column":15},"end":{"line":11,"column":39}},"9":{"start":{"line":12,"column":20},"end":{"line":12,"column":94}},"10":{"start":{"line":14,"column":22},"end":{"line":14,"column":57}},"11":{"start":{"line":16,"column":2},"end":{"line":16,"column":67}},"12":{"start":{"line":21,"column":24},"end":{"line":21,"column":44}},"13":{"start":{"line":23,"column":26},"end":{"line":23,"column":48}},"14":{"start":{"line":24,"column":2},"end":{"line":26,"column":3}},"15":{"start":{"line":25,"column":4},"end":{"line":25,"column":84}},"16":{"start":{"line":28,"column":23},"end":{"line":28,"column":53}},"17":{"start":{"line":29,"column":2},"end":{"line":29,"column":28}},"18":{"start":{"line":31,"column":2},"end":{"line":31,"column":63}},"19":{"start":{"line":35,"column":2},"end":{"line":42,"column":5}}},"fnMap":{"0":{"name":"GET","decl":{"start":{"line":8,"column":22},"end":{"line":8,"column":25}},"loc":{"start":{"line":8,"column":42},"end":{"line":17,"column":null}}},"1":{"name":"POST","decl":{"start":{"line":20,"column":22},"end":{"line":20,"column":26}},"loc":{"start":{"line":20,"column":43},"end":{"line":32,"column":null}}},"2":{"name":"OPTIONS","decl":{"start":{"line":34,"column":22},"end":{"line":34,"column":29}},"loc":{"start":{"line":34,"column":29},"end":{"line":43,"column":null}}}},"branchMap":{"0":{"loc":{"start":{"line":24,"column":2},"end":{"line":26,"column":3}},"type":"if","locations":[{"start":{"line":24,"column":2},"end":{"line":26,"column":3}}]}},"s":{"0":1,"1":1,"2":1,"3":1,"4":1,"5":1,"6":1,"7":1,"8":1,"9":1,"10":1,"11":1,"12":2,"13":2,"14":2,"15":1,"16":1,"17":1,"18":1,"19":1},"f":{"0":1,"1":2,"2":1},"b":{"0":[1]}}
,"C:\\Users\\dosqas\\dosq.fm\\src\\app\\api\\songs\\[id]\\route.ts": {"path":"C:\\Users\\dosqas\\dosq.fm\\src\\app\\api\\songs\\[id]\\route.ts","statementMap":{"0":{"start":{"line":7,"column":0},"end":{"line":7,"column":22}},"1":{"start":{"line":34,"column":0},"end":{"line":34,"column":22}},"2":{"start":{"line":1,"column":0},"end":{"line":1,"column":43}},"3":{"start":{"line":2,"column":0},"end":{"line":2,"column":50}},"4":{"start":{"line":3,"column":0},"end":{"line":3,"column":48}},"5":{"start":{"line":4,"column":0},"end":{"line":4,"column":60}},"6":{"start":{"line":8,"column":17},"end":{"line":8,"column":37}},"7":{"start":{"line":9,"column":20},"end":{"line":9,"column":69}},"8":{"start":{"line":9,"column":43},"end":{"line":9,"column":68}},"9":{"start":{"line":10,"column":2},"end":{"line":12,"column":3}},"10":{"start":{"line":11,"column":4},"end":{"line":11,"column":85}},"11":{"start":{"line":14,"column":24},"end":{"line":14,"column":44}},"12":{"start":{"line":15,"column":19},"end":{"line":17,"column":null}},"13":{"start":{"line":20,"column":26},"end":{"line":20,"column":51}},"14":{"start":{"line":21,"column":2},"end":{"line":23,"column":3}},"15":{"start":{"line":22,"column":4},"end":{"line":22,"column":84}},"16":{"start":{"line":25,"column":2},"end":{"line":25,"column":33}},"17":{"start":{"line":27,"column":23},"end":{"line":27,"column":44}},"18":{"start":{"line":28,"column":2},"end":{"line":28,"column":28}},"19":{"start":{"line":30,"column":2},"end":{"line":30,"column":67}},"20":{"start":{"line":35,"column":19},"end":{"line":35,"column":39}},"21":{"start":{"line":36,"column":22},"end":{"line":36,"column":71}},"22":{"start":{"line":36,"column":45},"end":{"line":36,"column":70}},"23":{"start":{"line":37,"column":4},"end":{"line":39,"column":5}},"24":{"start":{"line":38,"column":6},"end":{"line":38,"column":87}},"25":{"start":{"line":41,"column":25},"end":{"line":41,"column":72}},"26":{"start":{"line":41,"column":52},"end":{"line":41,"column":71}},"27":{"start":{"line":42,"column":4},"end":{"line":42,"column":30}},"28":{"start":{"line":44,"column":4},"end":{"line":44,"column":94}}},"fnMap":{"0":{"name":"PATCH","decl":{"start":{"line":7,"column":22},"end":{"line":7,"column":27}},"loc":{"start":{"line":7,"column":81},"end":{"line":31,"column":null}}},"1":{"name":"(anonymous_9)","decl":{"start":{"line":9,"column":36},"end":{"line":9,"column":37}},"loc":{"start":{"line":9,"column":43},"end":{"line":9,"column":68}}},"2":{"name":"DELETE","decl":{"start":{"line":34,"column":22},"end":{"line":34,"column":28}},"loc":{"start":{"line":34,"column":82},"end":{"line":45,"column":null}}},"3":{"name":"(anonymous_12)","decl":{"start":{"line":36,"column":38},"end":{"line":36,"column":39}},"loc":{"start":{"line":36,"column":45},"end":{"line":36,"column":70}}},"4":{"name":"(anonymous_13)","decl":{"start":{"line":41,"column":38},"end":{"line":41,"column":39}},"loc":{"start":{"line":41,"column":52},"end":{"line":41,"column":71}}}},"branchMap":{"0":{"loc":{"start":{"line":10,"column":2},"end":{"line":12,"column":3}},"type":"if","locations":[{"start":{"line":10,"column":2},"end":{"line":12,"column":3}}]},"1":{"loc":{"start":{"line":21,"column":2},"end":{"line":23,"column":3}},"type":"if","locations":[{"start":{"line":21,"column":2},"end":{"line":23,"column":3}}]},"2":{"loc":{"start":{"line":37,"column":4},"end":{"line":39,"column":5}},"type":"if","locations":[{"start":{"line":37,"column":4},"end":{"line":39,"column":5}}]}},"s":{"0":1,"1":1,"2":1,"3":1,"4":1,"5":1,"6":2,"7":2,"8":3,"9":2,"10":1,"11":1,"12":1,"13":1,"14":1,"15":0,"16":1,"17":1,"18":1,"19":1,"20":2,"21":2,"22":3,"23":2,"24":1,"25":1,"26":2,"27":1,"28":1},"f":{"0":2,"1":3,"2":2,"3":3,"4":2},"b":{"0":[1],"1":[0],"2":[1]}}
,"C:\\Users\\dosqas\\dosq.fm\\src\\utils\\backendUtils.ts": {"path":"C:\\Users\\dosqas\\dosq.fm\\src\\utils\\backendUtils.ts","statementMap":{"0":{"start":{"line":3,"column":0},"end":{"line":3,"column":16}},"1":{"start":{"line":4,"column":2},"end":{"line":4,"column":59}},"2":{"start":{"line":5,"column":2},"end":{"line":5,"column":90}},"3":{"start":{"line":6,"column":2},"end":{"line":6,"column":86}},"4":{"start":{"line":7,"column":2},"end":{"line":7,"column":18}}},"fnMap":{"0":{"name":"withCORS","decl":{"start":{"line":3,"column":16},"end":{"line":3,"column":24}},"loc":{"start":{"line":3,"column":47},"end":{"line":8,"column":1}}}},"branchMap":{},"s":{"0":2,"1":7,"2":7,"3":7,"4":7},"f":{"0":7},"b":{}}
,"C:\\Users\\dosqas\\dosq.fm\\src\\utils\\songUtils.ts": {"path":"C:\\Users\\dosqas\\dosq.fm\\src\\utils\\songUtils.ts","statementMap":{"0":{"start":{"line":3,"column":29},"end":{"line":14,"column":1}},"1":{"start":{"line":4,"column":23},"end":{"line":4,"column":44}},"2":{"start":{"line":5,"column":26},"end":{"line":5,"column":53}},"3":{"start":{"line":7,"column":2},"end":{"line":13,"column":3}},"4":{"start":{"line":8,"column":4},"end":{"line":8,"column":19}},"5":{"start":{"line":9,"column":9},"end":{"line":13,"column":3}},"6":{"start":{"line":10,"column":4},"end":{"line":10,"column":20}},"7":{"start":{"line":12,"column":4},"end":{"line":12,"column":17}},"8":{"start":{"line":3,"column":13},"end":{"line":3,"column":29}},"9":{"start":{"line":16,"column":25},"end":{"line":34,"column":1}},"10":{"start":{"line":17,"column":2},"end":{"line":33,"column":5}},"11":{"start":{"line":18,"column":18},"end":{"line":23,"column":null}},"12":{"start":{"line":25,"column":18},"end":{"line":30,"column":null}},"13":{"start":{"line":32,"column":4},"end":{"line":32,"column":45}},"14":{"start":{"line":16,"column":13},"end":{"line":16,"column":25}},"15":{"start":{"line":36,"column":28},"end":{"line":64,"column":1}},"16":{"start":{"line":47,"column":15},"end":{"line":47,"column":42}},"17":{"start":{"line":48,"column":17},"end":{"line":48,"column":46}},"18":{"start":{"line":49,"column":14},"end":{"line":49,"column":40}},"19":{"start":{"line":50,"column":16},"end":{"line":50,"column":44}},"20":{"start":{"line":51,"column":15},"end":{"line":51,"column":42}},"21":{"start":{"line":53,"column":2},"end":{"line":53,"column":56}},"22":{"start":{"line":53,"column":23},"end":{"line":53,"column":56}},"23":{"start":{"line":54,"column":2},"end":{"line":54,"column":53}},"24":{"start":{"line":54,"column":24},"end":{"line":54,"column":53}},"25":{"start":{"line":55,"column":2},"end":{"line":55,"column":51}},"26":{"start":{"line":55,"column":23},"end":{"line":55,"column":51}},"27":{"start":{"line":56,"column":2},"end":{"line":56,"column":51}},"28":{"start":{"line":56,"column":23},"end":{"line":56,"column":51}},"29":{"start":{"line":57,"column":2},"end":{"line":57,"column":84}},"30":{"start":{"line":57,"column":44},"end":{"line":57,"column":84}},"31":{"start":{"line":58,"column":2},"end":{"line":58,"column":92}},"32":{"start":{"line":58,"column":50},"end":{"line":58,"column":92}},"33":{"start":{"line":59,"column":2},"end":{"line":59,"column":80}},"34":{"start":{"line":59,"column":41},"end":{"line":59,"column":80}},"35":{"start":{"line":60,"column":2},"end":{"line":60,"column":88}},"36":{"start":{"line":60,"column":47},"end":{"line":60,"column":88}},"37":{"start":{"line":61,"column":2},"end":{"line":61,"column":94}},"38":{"start":{"line":61,"column":49},"end":{"line":61,"column":94}},"39":{"start":{"line":63,"column":2},"end":{"line":63,"column":14}},"40":{"start":{"line":36,"column":13},"end":{"line":36,"column":28}},"41":{"start":{"line":66,"column":27},"end":{"line":98,"column":1}},"42":{"start":{"line":71,"column":19},"end":{"line":71,"column":47}},"43":{"start":{"line":73,"column":2},"end":{"line":97,"column":5}},"44":{"start":{"line":74,"column":4},"end":{"line":74,"column":31}},"45":{"start":{"line":74,"column":19},"end":{"line":74,"column":31}},"46":{"start":{"line":76,"column":21},"end":{"line":77,"column":null}},"47":{"start":{"line":80,"column":4},"end":{"line":93,"column":5}},"48":{"start":{"line":81,"column":6},"end":{"line":81,"column":63}},"49":{"start":{"line":82,"column":11},"end":{"line":93,"column":5}},"50":{"start":{"line":83,"column":6},"end":{"line":86,"column":8}},"51":{"start":{"line":87,"column":11},"end":{"line":93,"column":5}},"52":{"start":{"line":88,"column":6},"end":{"line":92,"column":8}},"53":{"start":{"line":96,"column":4},"end":{"line":96,"column":32}},"54":{"start":{"line":66,"column":13},"end":{"line":66,"column":27}},"55":{"start":{"line":100,"column":26},"end":{"line":120,"column":1}},"56":{"start":{"line":104,"column":2},"end":{"line":119,"column":9}},"57":{"start":{"line":105,"column":14},"end":{"line":105,"column":16}},"58":{"start":{"line":107,"column":4},"end":{"line":115,"column":5}},"59":{"start":{"line":108,"column":6},"end":{"line":108,"column":22}},"60":{"start":{"line":109,"column":11},"end":{"line":115,"column":5}},"61":{"start":{"line":110,"column":6},"end":{"line":110,"column":40}},"62":{"start":{"line":111,"column":11},"end":{"line":115,"column":5}},"63":{"start":{"line":112,"column":6},"end":{"line":112,"column":38}},"64":{"start":{"line":113,"column":11},"end":{"line":115,"column":5}},"65":{"start":{"line":114,"column":6},"end":{"line":114,"column":42}},"66":{"start":{"line":117,"column":4},"end":{"line":117,"column":35}},"67":{"start":{"line":118,"column":4},"end":{"line":118,"column":15}},"68":{"start":{"line":100,"column":13},"end":{"line":100,"column":26}}},"fnMap":{"0":{"name":"(anonymous_0)","decl":{"start":{"line":3,"column":29},"end":{"line":3,"column":30}},"loc":{"start":{"line":3,"column":70},"end":{"line":14,"column":1}}},"1":{"name":"(anonymous_1)","decl":{"start":{"line":16,"column":25},"end":{"line":16,"column":26}},"loc":{"start":{"line":16,"column":43},"end":{"line":34,"column":1}}},"2":{"name":"(anonymous_2)","decl":{"start":{"line":17,"column":20},"end":{"line":17,"column":21}},"loc":{"start":{"line":17,"column":29},"end":{"line":33,"column":3}}},"3":{"name":"(anonymous_3)","decl":{"start":{"line":36,"column":28},"end":{"line":36,"column":29}},"loc":{"start":{"line":46,"column":5},"end":{"line":64,"column":1}}},"4":{"name":"(anonymous_4)","decl":{"start":{"line":66,"column":27},"end":{"line":66,"column":null}},"loc":{"start":{"line":70,"column":12},"end":{"line":98,"column":1}}},"5":{"name":"(anonymous_5)","decl":{"start":{"line":73,"column":22},"end":{"line":73,"column":23}},"loc":{"start":{"line":73,"column":31},"end":{"line":97,"column":3}}},"6":{"name":"(anonymous_6)","decl":{"start":{"line":100,"column":26},"end":{"line":100,"column":null}},"loc":{"start":{"line":103,"column":31},"end":{"line":120,"column":1}}},"7":{"name":"(anonymous_7)","decl":{"start":{"line":104,"column":22},"end":{"line":104,"column":23}},"loc":{"start":{"line":104,"column":63},"end":{"line":119,"column":3}}}},"branchMap":{"0":{"loc":{"start":{"line":7,"column":2},"end":{"line":13,"column":3}},"type":"if","locations":[{"start":{"line":7,"column":2},"end":{"line":13,"column":3}},{"start":{"line":9,"column":9},"end":{"line":13,"column":3}}]},"1":{"loc":{"start":{"line":9,"column":9},"end":{"line":13,"column":3}},"type":"if","locations":[{"start":{"line":9,"column":9},"end":{"line":13,"column":3}},{"start":{"line":11,"column":9},"end":{"line":13,"column":3}}]},"2":{"loc":{"start":{"line":53,"column":2},"end":{"line":53,"column":56}},"type":"if","locations":[{"start":{"line":53,"column":2},"end":{"line":53,"column":56}}]},"3":{"loc":{"start":{"line":54,"column":2},"end":{"line":54,"column":53}},"type":"if","locations":[{"start":{"line":54,"column":2},"end":{"line":54,"column":53}}]},"4":{"loc":{"start":{"line":55,"column":2},"end":{"line":55,"column":51}},"type":"if","locations":[{"start":{"line":55,"column":2},"end":{"line":55,"column":51}}]},"5":{"loc":{"start":{"line":56,"column":2},"end":{"line":56,"column":51}},"type":"if","locations":[{"start":{"line":56,"column":2},"end":{"line":56,"column":51}}]},"6":{"loc":{"start":{"line":57,"column":2},"end":{"line":57,"column":84}},"type":"if","locations":[{"start":{"line":57,"column":2},"end":{"line":57,"column":84}}]},"7":{"loc":{"start":{"line":57,"column":6},"end":{"line":57,"column":42}},"type":"binary-expr","locations":[{"start":{"line":57,"column":6},"end":{"line":57,"column":17}},{"start":{"line":57,"column":21},"end":{"line":57,"column":29}},{"start":{"line":57,"column":33},"end":{"line":57,"column":42}}]},"8":{"loc":{"start":{"line":58,"column":2},"end":{"line":58,"column":92}},"type":"if","locations":[{"start":{"line":58,"column":2},"end":{"line":58,"column":92}}]},"9":{"loc":{"start":{"line":58,"column":6},"end":{"line":58,"column":48}},"type":"binary-expr","locations":[{"start":{"line":58,"column":6},"end":{"line":58,"column":19}},{"start":{"line":58,"column":23},"end":{"line":58,"column":33}},{"start":{"line":58,"column":37},"end":{"line":58,"column":48}}]},"10":{"loc":{"start":{"line":59,"column":2},"end":{"line":59,"column":80}},"type":"if","locations":[{"start":{"line":59,"column":2},"end":{"line":59,"column":80}}]},"11":{"loc":{"start":{"line":59,"column":6},"end":{"line":59,"column":39}},"type":"binary-expr","locations":[{"start":{"line":59,"column":6},"end":{"line":59,"column":16}},{"start":{"line":59,"column":20},"end":{"line":59,"column":27}},{"start":{"line":59,"column":31},"end":{"line":59,"column":39}}]},"12":{"loc":{"start":{"line":60,"column":2},"end":{"line":60,"column":88}},"type":"if","locations":[{"start":{"line":60,"column":2},"end":{"line":60,"column":88}}]},"13":{"loc":{"start":{"line":60,"column":6},"end":{"line":60,"column":45}},"type":"binary-expr","locations":[{"start":{"line":60,"column":6},"end":{"line":60,"column":18}},{"start":{"line":60,"column":22},"end":{"line":60,"column":31}},{"start":{"line":60,"column":35},"end":{"line":60,"column":45}}]},"14":{"loc":{"start":{"line":61,"column":2},"end":{"line":61,"column":94}},"type":"if","locations":[{"start":{"line":61,"column":2},"end":{"line":61,"column":94}}]},"15":{"loc":{"start":{"line":61,"column":6},"end":{"line":61,"column":47}},"type":"binary-expr","locations":[{"start":{"line":61,"column":6},"end":{"line":61,"column":17}},{"start":{"line":61,"column":21},"end":{"line":61,"column":32}},{"start":{"line":61,"column":36},"end":{"line":61,"column":47}}]},"16":{"loc":{"start":{"line":71,"column":19},"end":{"line":71,"column":47}},"type":"cond-expr","locations":[{"start":{"line":71,"column":26},"end":{"line":71,"column":40}},{"start":{"line":71,"column":43},"end":{"line":71,"column":47}}]},"17":{"loc":{"start":{"line":74,"column":4},"end":{"line":74,"column":31}},"type":"if","locations":[{"start":{"line":74,"column":4},"end":{"line":74,"column":31}}]},"18":{"loc":{"start":{"line":80,"column":4},"end":{"line":93,"column":5}},"type":"if","locations":[{"start":{"line":80,"column":4},"end":{"line":93,"column":5}},{"start":{"line":82,"column":11},"end":{"line":93,"column":5}}]},"19":{"loc":{"start":{"line":82,"column":11},"end":{"line":93,"column":5}},"type":"if","locations":[{"start":{"line":82,"column":11},"end":{"line":93,"column":5}},{"start":{"line":87,"column":11},"end":{"line":93,"column":5}}]},"20":{"loc":{"start":{"line":84,"column":8},"end":{"line":85,"column":51}},"type":"binary-expr","locations":[{"start":{"line":84,"column":8},"end":{"line":84,"column":57}},{"start":{"line":85,"column":8},"end":{"line":85,"column":51}}]},"21":{"loc":{"start":{"line":87,"column":11},"end":{"line":93,"column":5}},"type":"if","locations":[{"start":{"line":87,"column":11},"end":{"line":93,"column":5}}]},"22":{"loc":{"start":{"line":89,"column":8},"end":{"line":91,"column":49}},"type":"binary-expr","locations":[{"start":{"line":89,"column":8},"end":{"line":89,"column":57}},{"start":{"line":90,"column":8},"end":{"line":90,"column":51}},{"start":{"line":91,"column":8},"end":{"line":91,"column":49}}]},"23":{"loc":{"start":{"line":107,"column":4},"end":{"line":115,"column":5}},"type":"if","locations":[{"start":{"line":107,"column":4},"end":{"line":115,"column":5}},{"start":{"line":109,"column":11},"end":{"line":115,"column":5}}]},"24":{"loc":{"start":{"line":109,"column":11},"end":{"line":115,"column":5}},"type":"if","locations":[{"start":{"line":109,"column":11},"end":{"line":115,"column":5}},{"start":{"line":111,"column":11},"end":{"line":115,"column":5}}]},"25":{"loc":{"start":{"line":111,"column":11},"end":{"line":115,"column":5}},"type":"if","locations":[{"start":{"line":111,"column":11},"end":{"line":115,"column":5}},{"start":{"line":113,"column":11},"end":{"line":115,"column":5}}]},"26":{"loc":{"start":{"line":113,"column":11},"end":{"line":115,"column":5}},"type":"if","locations":[{"start":{"line":113,"column":11},"end":{"line":115,"column":5}}]},"27":{"loc":{"start":{"line":117,"column":16},"end":{"line":117,"column":29}},"type":"binary-expr","locations":[{"start":{"line":117,"column":16},"end":{"line":117,"column":24}},{"start":{"line":117,"column":28},"end":{"line":117,"column":29}}]}},"s":{"0":1,"1":6,"2":6,"3":6,"4":2,"5":4,"6":2,"7":2,"8":1,"9":1,"10":1,"11":1,"12":1,"13":1,"14":1,"15":1,"16":0,"17":0,"18":0,"19":0,"20":0,"21":0,"22":0,"23":0,"24":0,"25":0,"26":0,"27":0,"28":0,"29":0,"30":0,"31":0,"32":0,"33":0,"34":0,"35":0,"36":0,"37":0,"38":0,"39":0,"40":1,"41":1,"42":5,"43":5,"44":10,"45":2,"46":8,"47":8,"48":4,"49":4,"50":2,"51":2,"52":2,"53":0,"54":1,"55":1,"56":4,"57":8,"58":8,"59":2,"60":6,"61":2,"62":4,"63":2,"64":2,"65":2,"66":8,"67":8,"68":1},"f":{"0":6,"1":1,"2":1,"3":0,"4":5,"5":10,"6":4,"7":8},"b":{"0":[2,4],"1":[2,2],"2":[0],"3":[0],"4":[0],"5":[0],"6":[0],"7":[0,0,0],"8":[0],"9":[0,0,0],"10":[0],"11":[0,0,0],"12":[0],"13":[0,0,0],"14":[0],"15":[0,0,0],"16":[4,1],"17":[2],"18":[4,4],"19":[2,2],"20":[2,1],"21":[2],"22":[2,1,1],"23":[2,6],"24":[2,4],"25":[2,2],"26":[2],"27":[8,6]}}
}
