TN:
SF:src\app\api\songs\route.ts
FN:8,GET
FN:20,POST
FN:34,OPTIONS
FNF:3
FNH:3
FNDA:1,GET
FNDA:2,POST
FNDA:1,OPTIONS
DA:1,1
DA:2,1
DA:4,1
DA:5,1
DA:8,1
DA:9,1
DA:11,1
DA:12,1
DA:14,1
DA:16,1
DA:20,1
DA:21,2
DA:23,2
DA:24,2
DA:25,1
DA:28,1
DA:29,1
DA:31,1
DA:34,1
DA:35,1
LF:20
LH:20
BRDA:24,0,0,1
BRF:1
BRH:1
end_of_record
TN:
SF:src\app\api\songs\[id]\route.ts
FN:7,PATCH
FN:9,(anonymous_9)
FN:34,DELETE
FN:36,(anonymous_12)
FN:41,(anonymous_13)
FNF:5
FNH:5
FNDA:2,PATCH
FNDA:3,(anonymous_9)
FNDA:2,DELETE
FNDA:3,(anonymous_12)
FNDA:2,(anonymous_13)
DA:1,1
DA:2,1
DA:3,1
DA:4,1
DA:7,1
DA:8,2
DA:9,3
DA:10,2
DA:11,1
DA:14,1
DA:15,1
DA:20,1
DA:21,1
DA:22,0
DA:25,1
DA:27,1
DA:28,1
DA:30,1
DA:34,1
DA:35,2
DA:36,3
DA:37,2
DA:38,1
DA:41,2
DA:42,1
DA:44,1
LF:26
LH:25
BRDA:10,0,0,1
BRDA:21,1,0,0
BRDA:37,2,0,1
BRF:3
BRH:2
end_of_record
TN:
SF:src\utils\backendUtils.ts
FN:3,withCORS
FNF:1
FNH:1
FNDA:7,withCORS
DA:3,2
DA:4,7
DA:5,7
DA:6,7
DA:7,7
LF:5
LH:5
BRF:0
BRH:0
end_of_record
TN:
SF:src\utils\songUtils.ts
FN:3,(anonymous_0)
FN:16,(anonymous_1)
FN:17,(anonymous_2)
FN:36,(anonymous_3)
FN:66,(anonymous_4)
FN:73,(anonymous_5)
FN:100,(anonymous_6)
FN:104,(anonymous_7)
FNF:8
FNH:7
FNDA:6,(anonymous_0)
FNDA:1,(anonymous_1)
FNDA:1,(anonymous_2)
FNDA:0,(anonymous_3)
FNDA:5,(anonymous_4)
FNDA:10,(anonymous_5)
FNDA:4,(anonymous_6)
FNDA:8,(anonymous_7)
DA:3,1
DA:4,6
DA:5,6
DA:7,6
DA:8,2
DA:9,4
DA:10,2
DA:12,2
DA:16,1
DA:17,1
DA:18,1
DA:25,1
DA:32,1
DA:36,1
DA:47,0
DA:48,0
DA:49,0
DA:50,0
DA:51,0
DA:53,0
DA:54,0
DA:55,0
DA:56,0
DA:57,0
DA:58,0
DA:59,0
DA:60,0
DA:61,0
DA:63,0
DA:66,1
DA:71,5
DA:73,5
DA:74,10
DA:76,8
DA:80,8
DA:81,4
DA:82,4
DA:83,2
DA:87,2
DA:88,2
DA:96,0
DA:100,1
DA:104,4
DA:105,8
DA:107,8
DA:108,2
DA:109,6
DA:110,2
DA:111,4
DA:112,2
DA:113,2
DA:114,2
DA:117,8
DA:118,8
LF:54
LH:38
BRDA:7,0,0,2
BRDA:7,0,1,4
BRDA:9,1,0,2
BRDA:9,1,1,2
BRDA:53,2,0,0
BRDA:54,3,0,0
BRDA:55,4,0,0
BRDA:56,5,0,0
BRDA:57,6,0,0
BRDA:57,7,0,0
BRDA:57,7,1,0
BRDA:57,7,2,0
BRDA:58,8,0,0
BRDA:58,9,0,0
BRDA:58,9,1,0
BRDA:58,9,2,0
BRDA:59,10,0,0
BRDA:59,11,0,0
BRDA:59,11,1,0
BRDA:59,11,2,0
BRDA:60,12,0,0
BRDA:60,13,0,0
BRDA:60,13,1,0
BRDA:60,13,2,0
BRDA:61,14,0,0
BRDA:61,15,0,0
BRDA:61,15,1,0
BRDA:61,15,2,0
BRDA:71,16,0,4
BRDA:71,16,1,1
BRDA:74,17,0,2
BRDA:80,18,0,4
BRDA:80,18,1,4
BRDA:82,19,0,2
BRDA:82,19,1,2
BRDA:84,20,0,2
BRDA:84,20,1,1
BRDA:87,21,0,2
BRDA:89,22,0,2
BRDA:89,22,1,1
BRDA:89,22,2,1
BRDA:107,23,0,2
BRDA:107,23,1,6
BRDA:109,24,0,2
BRDA:109,24,1,4
BRDA:111,25,0,2
BRDA:111,25,1,2
BRDA:113,26,0,2
BRDA:117,27,0,8
BRDA:117,27,1,6
BRF:50
BRH:26
end_of_record
